<?xml version="1.0" encoding="UTF-8"?>
<!-- Generated by org.testng.reporters.JUnitReportReporter -->
<testsuite hostname="DESKTOP-JJIKP98" failures="0" tests="3" name="TestNG.Vaibhav" time="0.006" errors="0" timestamp="2023-01-03T15:42:58 IST" skipped="0">
  <testcase classname="TestNG.Vaibhav" name="TC3" time="0.004"/>
  <system-out>
    <![CDATA[Running Payment Page]]>
  </system-out>
  <testcase classname="TestNG.Vaibhav" name="tC1" time="0.001"/>
  <system-out>
    <![CDATA[Running Login Page]]>
  </system-out>
  <testcase classname="TestNG.Vaibhav" name="TC2" time="0.001"/>
  <system-out>
    <![CDATA[Running Home Page]]>
  </system-out>
</testsuite> <!-- TestNG.Vaibhav -->
