<?xml version="1.0" encoding="UTF-8"?>
<!-- Generated by org.testng.reporters.JUnitReportReporter -->
<testsuite hostname="DESKTOP-JJIKP98" failures="0" tests="3" name="TestNG.Sample3" time="0.005" errors="0" timestamp="2023-01-03T15:42:58 IST" skipped="0">
  <testcase classname="TestNG.Sample3" name="TC8" time="0.002"/>
  <system-out>
    <![CDATA[Running Test Case 8]]>
  </system-out>
  <testcase classname="TestNG.Sample3" name="TC7" time="0.003"/>
  <system-out>
    <![CDATA[Running Test Case 7]]>
  </system-out>
  <testcase classname="TestNG.Sample3" name="TC9" time="0.000"/>
  <system-out>
    <![CDATA[Running Test Case 9]]>
  </system-out>
</testsuite> <!-- TestNG.Sample3 -->
