<?xml version="1.0" encoding="UTF-8"?>
<!-- Generated by org.testng.reporters.JUnitReportReporter -->
<testsuite hostname="DESKTOP-JJIKP98" failures="0" tests="2" name="TestNG.Timeouts" time="0.016" errors="0" timestamp="2023-01-03T15:42:58 IST" skipped="0">
  <testcase classname="TestNG.Timeouts" name="TC1" time="0.011"/>
  <system-out>
    <![CDATA[I ts my first program in Test ng]]>
  </system-out>
  <testcase classname="TestNG.Timeouts" name="TC2" time="0.005"/>
  <system-out>
    <![CDATA[I ts my second program in Test ng]]>
  </system-out>
</testsuite> <!-- TestNG.Timeouts -->
