<?xml version="1.0" encoding="UTF-8"?>
<!-- Generated by org.testng.reporters.JUnitReportReporter -->
<testsuite hostname="DESKTOP-JJIKP98" failures="0" tests="4" name="TestNG.Priority1" time="0.007" errors="0" timestamp="2023-01-03T15:42:58 IST" skipped="0">
  <testcase classname="TestNG.Priority1" name="prabhas" time="0.002"/>
  <system-out>
    <![CDATA[running prabhas]]>
  </system-out>
  <testcase classname="TestNG.Priority1" name="eshwar" time="0.002"/>
  <system-out>
    <![CDATA[running eshwar]]>
  </system-out>
  <testcase classname="TestNG.Priority1" name="dhanush" time="0.002"/>
  <system-out>
    <![CDATA[running dhanush]]>
  </system-out>
  <testcase classname="TestNG.Priority1" name="alluarjun" time="0.001"/>
  <system-out>
    <![CDATA[running alluarjun]]>
  </system-out>
</testsuite> <!-- TestNG.Priority1 -->
