<?xml version="1.0" encoding="UTF-8"?>
<!-- Generated by org.testng.reporters.JUnitReportReporter -->
<testsuite hostname="DESKTOP-JJIKP98" failures="0" tests="3" name="TestNG.Sample2" time="0.005" errors="0" timestamp="2023-01-03T15:42:58 IST" skipped="0">
  <testcase classname="TestNG.Sample2" name="TC5" time="0.002"/>
  <system-out>
    <![CDATA[Running Test Case 5]]>
  </system-out>
  <testcase classname="TestNG.Sample2" name="TC6" time="0.002"/>
  <system-out>
    <![CDATA[Running Test Case 6]]>
  </system-out>
  <testcase classname="TestNG.Sample2" name="TC4" time="0.001"/>
  <system-out>
    <![CDATA[Running Test Case 4]]>
  </system-out>
</testsuite> <!-- TestNG.Sample2 -->
