<?xml version="1.0" encoding="UTF-8"?>
<!-- Generated by org.testng.reporters.JUnitReportReporter -->
<testsuite hostname="DESKTOP-JJIKP98" failures="0" tests="2" name="TestNG.Sample" time="21.572" errors="0" timestamp="2023-01-05T16:38:23 IST" skipped="0">
  <testcase classname="TestNG.Sample" name="Tc1" time="14.653"/>
  <system-out/>
  <testcase classname="TestNG.Sample" name="Tc1" time="6.919"/>
  <system-out/>
</testsuite> <!-- TestNG.Sample -->
