<?xml version="1.0" encoding="UTF-8"?>
<!-- Generated by org.testng.reporters.JUnitReportReporter -->
<testsuite hostname="DESKTOP-JJIKP98" failures="0" tests="3" name="TestNG.Vaibhav2" time="0.006" errors="0" timestamp="2023-01-03T15:42:58 IST" skipped="0">
  <testcase classname="TestNG.Vaibhav2" name="TC7" time="0.002"/>
  <system-out>
    <![CDATA[Running Seven Test Case]]>
  </system-out>
  <testcase classname="TestNG.Vaibhav2" name="TC8" time="0.002"/>
  <system-out>
    <![CDATA[Running Eight Test Case]]>
  </system-out>
  <testcase classname="TestNG.Vaibhav2" name="TC6" time="0.002"/>
  <system-out>
    <![CDATA[Running Six Test Case]]>
  </system-out>
</testsuite> <!-- TestNG.Vaibhav2 -->
