<?xml version="1.0" encoding="UTF-8"?>
<!-- Generated by org.testng.reporters.JUnitReportReporter -->
<testsuite hostname="DESKTOP-JJIKP98" failures="0" tests="1" name="TestNG.Parallel_3" time="36.645" errors="0" timestamp="2023-01-03T15:53:41 IST" skipped="0">
  <testcase classname="TestNG.Parallel_3" name="TC3" time="36.645"/>
  <system-out/>
</testsuite> <!-- TestNG.Parallel_3 -->
