<?xml version="1.0" encoding="UTF-8"?>
<!-- Generated by org.testng.reporters.JUnitReportReporter -->
<testsuite hostname="DESKTOP-JJIKP98" failures="0" tests="3" name="TestNG.Vaibhav1" time="0.008" errors="0" timestamp="2023-01-03T15:42:58 IST" skipped="0">
  <testcase classname="TestNG.Vaibhav1" name="TC4" time="0.003"/>
  <system-out>
    <![CDATA[Running Shopping App]]>
  </system-out>
  <testcase classname="TestNG.Vaibhav1" name="TC5" time="0.003"/>
  <system-out>
    <![CDATA[Ruuning First Page]]>
  </system-out>
  <testcase classname="TestNG.Vaibhav1" name="TC3" time="0.002"/>
  <system-out>
    <![CDATA[Running Main App]]>
  </system-out>
</testsuite> <!-- TestNG.Vaibhav1 -->
