<?xml version="1.0" encoding="UTF-8"?>
<!-- Generated by org.testng.reporters.JUnitReportReporter -->
<testsuite hostname="DESKTOP-JJIKP98" failures="0" tests="1" name="TestNG.Assert_equal" time="0.015" errors="0" timestamp="2023-01-09T16:03:51 IST" skipped="0">
  <testcase classname="TestNG.Assert_equal" name="TC1" time="0.015"/>
  <system-out>
    <![CDATA[running TC1()]]>
  </system-out>
</testsuite> <!-- TestNG.Assert_equal -->
