<?xml version="1.0" encoding="UTF-8"?>
<!-- Generated by org.testng.reporters.JUnitReportReporter -->
<testsuite hostname="DESKTOP-JJIKP98" failures="0" tests="2" name="Enabled" time="0.017" errors="0" timestamp="2022-12-31T14:43:46 IST" skipped="1">
  <testcase classname="Enabled" name="TC1" time="0.017"/>
  <system-out>
    <![CDATA[It's my first program in TestNG]]>
  </system-out>
  <testcase classname="Enabled" name="TC2">
    <skipped/>
  </testcase> <!-- TC2 -->
  <system-out/>
</testsuite> <!-- Enabled -->
