<?xml version="1.0" encoding="UTF-8"?>
<!-- Generated by org.testng.reporters.JUnitReportReporter -->
<testsuite hostname="DESKTOP-JJIKP98" failures="0" tests="1" name="TestNG.Assert_Not_equals" time="0.018" errors="0" timestamp="2023-01-09T16:05:55 IST" skipped="0">
  <testcase classname="TestNG.Assert_Not_equals" name="M1" time="0.018"/>
  <system-out>
    <![CDATA[running m1()]]>
  </system-out>
</testsuite> <!-- TestNG.Assert_Not_equals -->
