<?xml version="1.0" encoding="UTF-8"?>
<!-- Generated by org.testng.reporters.JUnitReportReporter -->
<testsuite hostname="DESKTOP-JJIKP98" failures="0" tests="3" name="TestNG.Priority" time="0.009" errors="0" timestamp="2023-01-03T15:42:58 IST" skipped="0">
  <testcase classname="TestNG.Priority" name="TC2" time="0.002"/>
  <system-out>
    <![CDATA[Running Test Case 2]]>
  </system-out>
  <testcase classname="TestNG.Priority" name="TC3" time="0.006"/>
  <system-out>
    <![CDATA[Running Test Case 3]]>
  </system-out>
  <testcase classname="TestNG.Priority" name="TC1" time="0.001"/>
  <system-out>
    <![CDATA[Running Test Case 1]]>
  </system-out>
</testsuite> <!-- TestNG.Priority -->
