<?xml version="1.0" encoding="UTF-8"?>
<!-- Generated by org.testng.reporters.JUnitReportReporter -->
<testsuite hostname="DESKTOP-JJIKP98" failures="0" tests="1" name="TestNG.Test_Annotation" time="0.007" errors="0" timestamp="2023-01-03T15:36:16 IST" skipped="0">
  <testcase classname="TestNG.Test_Annotation" name="verifyText" time="0.007"/>
  <system-out>
    <![CDATA[verify Actual Test Case]]>
  </system-out>
</testsuite> <!-- TestNG.Test_Annotation -->
