<?xml version="1.0" encoding="UTF-8"?>
<!-- Generated by org.testng.reporters.JUnitReportReporter -->
<testsuite hostname="DESKTOP-JJIKP98" failures="0" tests="7" name="TestNG.Invocation" time="0.024" errors="0" timestamp="2023-01-03T15:18:53 IST" skipped="0">
  <testcase classname="TestNG.Invocation" name="TestCase" time="0.010"/>
  <system-out>
    <![CDATA[Running Test Case]]>
  </system-out>
  <testcase classname="TestNG.Invocation" name="TestCase" time="0.001"/>
  <system-out>
    <![CDATA[Running Test Case]]>
  </system-out>
  <testcase classname="TestNG.Invocation" name="TestCase" time="0.008"/>
  <system-out>
    <![CDATA[Running Test Case]]>
  </system-out>
  <testcase classname="TestNG.Invocation" name="TestCase" time="0.001"/>
  <system-out>
    <![CDATA[Running Test Case]]>
  </system-out>
  <testcase classname="TestNG.Invocation" name="TestCase" time="0.001"/>
  <system-out>
    <![CDATA[Running Test Case]]>
  </system-out>
  <testcase classname="TestNG.Invocation" name="TestCase" time="0.001"/>
  <system-out>
    <![CDATA[Running Test Case]]>
  </system-out>
  <testcase classname="TestNG.Invocation" name="TestCase" time="0.002"/>
  <system-out>
    <![CDATA[Running Test Case]]>
  </system-out>
</testsuite> <!-- TestNG.Invocation -->
